<?xml version="1.0" encoding="UTF-8"?><testrun name="simpledb.systemtest" project="mysimpledb" tests="53" started="8" failures="0" errors="1" ignored="0">
  <testsuite name="simpledb.systemtest.LogRollbackTest" time="1.299">
    <testcase name="TestRollback" classname="simpledb.systemtest.LogRollbackTest" time="0.145"/>
    <testcase name="TestNoRollback" classname="simpledb.systemtest.LogRollbackTest" time="0.2"/>
    <testcase name="TestRollbackWithOthers" classname="simpledb.systemtest.LogRollbackTest" time="0.248"/>
    <testcase name="TestRollbackWithCheckPoint" classname="simpledb.systemtest.LogRollbackTest" time="0.29"/>
    <testcase name="TestAbortCommitInterleaved" classname="simpledb.systemtest.LogRollbackTest" time="0.38"/>
    <testcase name="TestFlushAll" classname="simpledb.systemtest.LogRollbackTest" time="0.036"/>
  </testsuite>
  <testsuite name="simpledb.systemtest.TransactionTest" incomplete="true">
    <testcase name="testSingleThread" classname="simpledb.systemtest.TransactionTest" time="0.109"/>
    <testcase name="testTwoThreads" classname="simpledb.systemtest.TransactionTest" time="105.632">
      <error>java.lang.RuntimeException: Child thread threw an exception.
	at simpledb.systemtest.TransactionTest.validateTransactions(TransactionTest.java:57)
	at simpledb.systemtest.TransactionTest.testTwoThreads(TransactionTest.java:219)
	at sun.reflect.NativeMethodAccessorImpl.invoke0(Native Method)
	at sun.reflect.NativeMethodAccessorImpl.invoke(Unknown Source)
	at sun.reflect.DelegatingMethodAccessorImpl.invoke(Unknown Source)
	at java.lang.reflect.Method.invoke(Unknown Source)
	at org.junit.runners.model.FrameworkMethod$1.runReflectiveCall(FrameworkMethod.java:44)
	at org.junit.internal.runners.model.ReflectiveCallable.run(ReflectiveCallable.java:15)
	at org.junit.runners.model.FrameworkMethod.invokeExplosively(FrameworkMethod.java:41)
	at org.junit.internal.runners.statements.InvokeMethod.evaluate(InvokeMethod.java:20)
	at org.junit.internal.runners.statements.RunBefores.evaluate(RunBefores.java:28)
	at org.junit.internal.runners.statements.RunAfters.evaluate(RunAfters.java:31)
	at org.junit.runners.BlockJUnit4ClassRunner.runChild(BlockJUnit4ClassRunner.java:73)
	at org.junit.runners.BlockJUnit4ClassRunner.runChild(BlockJUnit4ClassRunner.java:46)
	at org.junit.runners.ParentRunner.runChildren(ParentRunner.java:180)
	at org.junit.runners.ParentRunner.access$000(ParentRunner.java:41)
	at org.junit.runners.ParentRunner$1.evaluate(ParentRunner.java:173)
	at org.junit.internal.runners.statements.RunBefores.evaluate(RunBefores.java:28)
	at org.junit.internal.runners.statements.RunAfters.evaluate(RunAfters.java:31)
	at org.junit.runners.ParentRunner.run(ParentRunner.java:220)
	at junit.framework.JUnit4TestAdapter.run(JUnit4TestAdapter.java:39)
	at org.junit.internal.runners.JUnit38ClassRunner.run(JUnit38ClassRunner.java:79)
	at org.eclipse.jdt.internal.junit4.runner.JUnit4TestReference.run(JUnit4TestReference.java:50)
	at org.eclipse.jdt.internal.junit.runner.TestExecution.run(TestExecution.java:38)
	at org.eclipse.jdt.internal.junit.runner.RemoteTestRunner.runTests(RemoteTestRunner.java:459)
	at org.eclipse.jdt.internal.junit.runner.RemoteTestRunner.runTests(RemoteTestRunner.java:675)
	at org.eclipse.jdt.internal.junit.runner.RemoteTestRunner.run(RemoteTestRunner.java:382)
	at org.eclipse.jdt.internal.junit.runner.RemoteTestRunner.main(RemoteTestRunner.java:192)
Caused by: java.lang.RuntimeException: About to append to log file but not located at end of log!  Risk overwriting log data!
	at simpledb.LogFile.preAppend(LogFile.java:135)
	at simpledb.LogFile.logXactionBegin(LogFile.java:164)
	at simpledb.Transaction.start(Transaction.java:24)
	at simpledb.systemtest.TransactionTest$XactionTester.run(TransactionTest.java:92)

</error>
    </testcase>
    <testcase name="testFiveThreads" classname="simpledb.systemtest.TransactionTest" incomplete="true"/>
    <testcase name="testTenThreads" classname="simpledb.systemtest.TransactionTest" incomplete="true"/>
  </testsuite>
  <testsuite name="simpledb.systemtest.QueryTest" incomplete="true">
    <testcase name="queryTest" classname="simpledb.systemtest.QueryTest" incomplete="true"/>
  </testsuite>
  <testsuite name="simpledb.systemtest.AbortEvictionTest" incomplete="true">
    <testcase name="testDoNotEvictDirtyPages" classname="simpledb.systemtest.AbortEvictionTest" incomplete="true"/>
  </testsuite>
  <testsuite name="simpledb.systemtest.ScanTest" incomplete="true">
    <testcase name="testTupleDesc" classname="simpledb.systemtest.ScanTest" incomplete="true"/>
    <testcase name="testSmall" classname="simpledb.systemtest.ScanTest" incomplete="true"/>
    <testcase name="testRewind" classname="simpledb.systemtest.ScanTest" incomplete="true"/>
    <testcase name="testCache" classname="simpledb.systemtest.ScanTest" incomplete="true"/>
  </testsuite>
  <testsuite name="simpledb.systemtest.InsertTest" incomplete="true">
    <testcase name="testEmptyToEmpty" classname="simpledb.systemtest.InsertTest" incomplete="true"/>
    <testcase name="testEmptyToOne" classname="simpledb.systemtest.InsertTest" incomplete="true"/>
    <testcase name="testOneToEmpty" classname="simpledb.systemtest.InsertTest" incomplete="true"/>
    <testcase name="testOneToOne" classname="simpledb.systemtest.InsertTest" incomplete="true"/>
  </testsuite>
  <testsuite name="simpledb.systemtest.LogPatchTest" incomplete="true">
    <testcase name="testBeforeImageIsSet" classname="simpledb.systemtest.LogPatchTest" incomplete="true"/>
  </testsuite>
  <testsuite name="simpledb.systemtest.JoinTest" incomplete="true">
    <testcase name="testSingleMatch" classname="simpledb.systemtest.JoinTest" incomplete="true"/>
    <testcase name="testNoMatch" classname="simpledb.systemtest.JoinTest" incomplete="true"/>
    <testcase name="testMultipleMatch" classname="simpledb.systemtest.JoinTest" incomplete="true"/>
  </testsuite>
  <testsuite name="simpledb.systemtest.LogNoForceTest" incomplete="true">
    <testcase name="testNoForce" classname="simpledb.systemtest.LogNoForceTest" incomplete="true"/>
    <testcase name="testAllDirtySucceeds" classname="simpledb.systemtest.LogNoForceTest" incomplete="true"/>
  </testsuite>
  <testsuite name="simpledb.systemtest.LogRecoveryTest" incomplete="true">
    <testcase name="TestCommitCrash" classname="simpledb.systemtest.LogRecoveryTest" incomplete="true"/>
    <testcase name="TestAbortCrash" classname="simpledb.systemtest.LogRecoveryTest" incomplete="true"/>
    <testcase name="TestCommitAbortCommitCrash" classname="simpledb.systemtest.LogRecoveryTest" incomplete="true"/>
    <testcase name="TestOpenCrash" classname="simpledb.systemtest.LogRecoveryTest" incomplete="true"/>
    <testcase name="TestOpenCommitOpenCrash" classname="simpledb.systemtest.LogRecoveryTest" incomplete="true"/>
    <testcase name="TestOpenCommitCheckpointOpenCrash" classname="simpledb.systemtest.LogRecoveryTest" incomplete="true"/>
    <testcase name="TestRepeatHistoryEvenAborts" classname="simpledb.systemtest.LogRecoveryTest" incomplete="true"/>
    <testcase name="TestRepeatHistoryEvenAborts2" classname="simpledb.systemtest.LogRecoveryTest" incomplete="true"/>
    <testcase name="TestRepeatHistoryEvenRecovery" classname="simpledb.systemtest.LogRecoveryTest" incomplete="true"/>
    <testcase name="checkpointTest" classname="simpledb.systemtest.LogRecoveryTest" incomplete="true"/>
  </testsuite>
  <testsuite name="simpledb.systemtest.EvictionTest" incomplete="true">
    <testcase name="testHeapFileScanWithManyPages" classname="simpledb.systemtest.EvictionTest" incomplete="true"/>
  </testsuite>
  <testsuite name="simpledb.systemtest.AggregateTest" incomplete="true">
    <testcase name="testCount" classname="simpledb.systemtest.AggregateTest" incomplete="true"/>
    <testcase name="testSum" classname="simpledb.systemtest.AggregateTest" incomplete="true"/>
    <testcase name="testMin" classname="simpledb.systemtest.AggregateTest" incomplete="true"/>
    <testcase name="testMax" classname="simpledb.systemtest.AggregateTest" incomplete="true"/>
    <testcase name="testAverage" classname="simpledb.systemtest.AggregateTest" incomplete="true"/>
    <testcase name="testAverageNoGroup" classname="simpledb.systemtest.AggregateTest" incomplete="true"/>
  </testsuite>
  <testsuite name="simpledb.systemtest.DeleteTest" incomplete="true">
    <testcase name="testEquals" classname="simpledb.systemtest.DeleteTest" incomplete="true"/>
    <testcase name="testLessThan" classname="simpledb.systemtest.DeleteTest" incomplete="true"/>
    <testcase name="testLessThanOrEq" classname="simpledb.systemtest.DeleteTest" incomplete="true"/>
    <testcase name="testGreaterThan" classname="simpledb.systemtest.DeleteTest" incomplete="true"/>
    <testcase name="testGreaterThanOrEq" classname="simpledb.systemtest.DeleteTest" incomplete="true"/>
  </testsuite>
  <testsuite name="simpledb.systemtest.FilterTest" incomplete="true">
    <testcase name="testEquals" classname="simpledb.systemtest.FilterTest" incomplete="true"/>
    <testcase name="testLessThan" classname="simpledb.systemtest.FilterTest" incomplete="true"/>
    <testcase name="testLessThanOrEq" classname="simpledb.systemtest.FilterTest" incomplete="true"/>
    <testcase name="testGreaterThan" classname="simpledb.systemtest.FilterTest" incomplete="true"/>
    <testcase name="testGreaterThanOrEq" classname="simpledb.systemtest.FilterTest" incomplete="true"/>
  </testsuite>
</testrun>
