<?xml version="1.0" encoding="UTF-8"?><testrun name="LogRollbackTest" project="mysimpledb" tests="6" started="6" failures="0" errors="1" ignored="0">
  <testsuite name="simpledb.systemtest.LogRollbackTest" time="1.271">
    <testcase name="TestNoRollback" classname="simpledb.systemtest.LogRollbackTest" time="0.22"/>
    <testcase name="TestRollbackWithOthers" classname="simpledb.systemtest.LogRollbackTest" time="0.269"/>
    <testcase name="TestRollbackWithCheckPoint" classname="simpledb.systemtest.LogRollbackTest" time="0.279"/>
    <testcase name="TestAbortCommitInterleaved" classname="simpledb.systemtest.LogRollbackTest" time="0.371">
      <error>java.io.IOException: This tid should be active but is not!
	at simpledb.LogFile.checkActive(LogFile.java:146)
	at simpledb.LogFile.logWrite(LogFile.java:243)
	at simpledb.BufferPool.flushPage(BufferPool.java:289)
	at simpledb.BufferPool.flushAllPages(BufferPool.java:255)
	at simpledb.systemtest.LogTestBase.abort(LogTestBase.java:79)
	at simpledb.systemtest.LogRollbackTest.TestAbortCommitInterleaved(LogRollbackTest.java:162)
	at sun.reflect.NativeMethodAccessorImpl.invoke0(Native Method)
	at sun.reflect.NativeMethodAccessorImpl.invoke(Unknown Source)
	at sun.reflect.DelegatingMethodAccessorImpl.invoke(Unknown Source)
	at java.lang.reflect.Method.invoke(Unknown Source)
	at org.junit.runners.model.FrameworkMethod$1.runReflectiveCall(FrameworkMethod.java:44)
	at org.junit.internal.runners.model.ReflectiveCallable.run(ReflectiveCallable.java:15)
	at org.junit.runners.model.FrameworkMethod.invokeExplosively(FrameworkMethod.java:41)
	at org.junit.internal.runners.statements.InvokeMethod.evaluate(InvokeMethod.java:20)
	at org.junit.internal.runners.statements.RunBefores.evaluate(RunBefores.java:28)
	at org.junit.internal.runners.statements.RunAfters.evaluate(RunAfters.java:31)
	at org.junit.runners.BlockJUnit4ClassRunner.runChild(BlockJUnit4ClassRunner.java:73)
	at org.junit.runners.BlockJUnit4ClassRunner.runChild(BlockJUnit4ClassRunner.java:46)
	at org.junit.runners.ParentRunner.runChildren(ParentRunner.java:180)
	at org.junit.runners.ParentRunner.access$000(ParentRunner.java:41)
	at org.junit.runners.ParentRunner$1.evaluate(ParentRunner.java:173)
	at org.junit.internal.runners.statements.RunBefores.evaluate(RunBefores.java:28)
	at org.junit.internal.runners.statements.RunAfters.evaluate(RunAfters.java:31)
	at org.junit.runners.ParentRunner.run(ParentRunner.java:220)
	at junit.framework.JUnit4TestAdapter.run(JUnit4TestAdapter.java:39)
	at org.junit.internal.runners.JUnit38ClassRunner.run(JUnit38ClassRunner.java:79)
	at org.eclipse.jdt.internal.junit4.runner.JUnit4TestReference.run(JUnit4TestReference.java:50)
	at org.eclipse.jdt.internal.junit.runner.TestExecution.run(TestExecution.java:38)
	at org.eclipse.jdt.internal.junit.runner.RemoteTestRunner.runTests(RemoteTestRunner.java:459)
	at org.eclipse.jdt.internal.junit.runner.RemoteTestRunner.runTests(RemoteTestRunner.java:675)
	at org.eclipse.jdt.internal.junit.runner.RemoteTestRunner.run(RemoteTestRunner.java:382)
	at org.eclipse.jdt.internal.junit.runner.RemoteTestRunner.main(RemoteTestRunner.java:192)

</error>
    </testcase>
    <testcase name="TestRollback" classname="simpledb.systemtest.LogRollbackTest" time="0.086"/>
    <testcase name="TestFlushAll" classname="simpledb.systemtest.LogRollbackTest" time="0.046"/>
  </testsuite>
</testrun>
